#
# There is insufficient memory for the Java Runtime Environment to continue.
# Native memory allocation (malloc) failed to allocate 1883968 bytes for Chunk::new
# Possible reasons:
#   The system is out of physical RAM or swap space
#   In 32 bit mode, the process size limit was hit
# Possible solutions:
#   Reduce memory load on the system
#   Increase physical memory or swap space
#   Check if swap backing store is full
#   Use 64 bit Java on a 64 bit OS
#   Decrease Java heap size (-Xmx/-Xms)
#   Decrease number of Java threads
#   Decrease Java thread stack sizes (-Xss)
#   Set larger code cache with -XX:ReservedCodeCacheSize=
# This output file may be truncated or incomplete.
#
#  Out of Memory Error (allocation.cpp:390), pid=19200, tid=0x0000000000003f60
#
# JRE version: Java(TM) SE Runtime Environment (8.0_144-b01) (build 1.8.0_144-b01)
# Java VM: Java HotSpot(TM) 64-Bit Server VM (25.144-b01 mixed mode windows-amd64 compressed oops)
# Failed to write core dump. Minidumps are not enabled by default on client versions of Windows
#

---------------  T H R E A D  ---------------

Current thread (0x00000000166f2800):  JavaThread "C2 CompilerThread1" daemon [_thread_in_native, id=16224, stack(0x0000000016a80000,0x0000000016b80000)]

Stack: [0x0000000016a80000,0x0000000016b80000]
[error occurred during error reporting (printing stack bounds), id 0xc0000005]

Native frames: (J=compiled Java code, j=interpreted, Vv=VM code, C=native code)


Current CompileTask:
C2:  87452 2934       4       java.net.URLClassLoader$1::run (5 bytes)


---------------  P R O C E S S  ---------------

Java Threads: ( => current thread )
  0x0000000017256800 JavaThread "pool-1-thread-1" [_thread_blocked, id=6856, stack(0x000000001b660000,0x000000001b760000)]
  0x0000000017255800 JavaThread "Abandoned connection cleanup thread" daemon [_thread_blocked, id=19192, stack(0x000000001b060000,0x000000001b160000)]
  0x000000001739e000 JavaThread "Scheduler-2045671978" [_thread_blocked, id=5320, stack(0x00000000186c0000,0x00000000187c0000)]
  0x000000001739d800 JavaThread "org.eclipse.jetty.server.session.HashSessionManager@69be5f4fTimer" daemon [_thread_blocked, id=3800, stack(0x0000000018280000,0x0000000018380000)]
  0x00000000173a2000 JavaThread "qtp1512761045-22" [_thread_blocked, id=1328, stack(0x0000000018180000,0x0000000018280000)]
  0x00000000173a4000 JavaThread "qtp1512761045-21" [_thread_blocked, id=8896, stack(0x0000000018080000,0x0000000018180000)]
  0x00000000173a3800 JavaThread "qtp1512761045-20" [_thread_in_native, id=180, stack(0x0000000017f80000,0x0000000018080000)]
  0x000000001739f800 JavaThread "qtp1512761045-19" [_thread_blocked, id=7964, stack(0x0000000017e80000,0x0000000017f80000)]
  0x00000000173a1000 JavaThread "qtp1512761045-18" [_thread_blocked, id=6092, stack(0x0000000017d80000,0x0000000017e80000)]
  0x00000000173a0800 JavaThread "qtp1512761045-17-acceptor-0@631d38f5-ServerConnector@16feb8ed{HTTP/1.1,[http/1.1]}{0.0.0.0:9001}" [_thread_in_native, id=12736, stack(0x0000000017c80000,0x0000000017d80000)]
  0x000000001739f000 JavaThread "qtp1512761045-16" [_thread_in_native, id=13716, stack(0x0000000017b80000,0x0000000017c80000)]
  0x00000000173a2800 JavaThread "qtp1512761045-15" [_thread_in_vm, id=10448, stack(0x0000000017a80000,0x0000000017b80000)]
  0x0000000002704800 JavaThread "DestroyJavaVM" [_thread_blocked, id=9900, stack(0x0000000002330000,0x0000000002430000)]
  0x0000000017332000 JavaThread "Thread-1" [_thread_blocked, id=8224, stack(0x0000000017680000,0x0000000017780000)]
  0x00000000167d7800 JavaThread "Service Thread" daemon [_thread_blocked, id=6896, stack(0x0000000016c80000,0x0000000016d80000)]
  0x00000000166f4800 JavaThread "C1 CompilerThread2" daemon [_thread_blocked, id=8796, stack(0x0000000016b80000,0x0000000016c80000)]
=>0x00000000166f2800 JavaThread "C2 CompilerThread1" daemon [_thread_in_native, id=16224, stack(0x0000000016a80000,0x0000000016b80000)]
  0x00000000166f1800 JavaThread "C2 CompilerThread0" daemon [_thread_in_native, id=8888, stack(0x0000000016980000,0x0000000016a80000)]
  0x0000000016764800 JavaThread "Monitor Ctrl-Break" daemon [_thread_in_native, id=13736, stack(0x0000000016880000,0x0000000016980000)]
  0x0000000014e11800 JavaThread "Attach Listener" daemon [_thread_blocked, id=2324, stack(0x0000000016380000,0x0000000016480000)]
  0x0000000014e10000 JavaThread "Signal Dispatcher" daemon [_thread_blocked, id=11784, stack(0x0000000016280000,0x0000000016380000)]
  0x00000000027fe800 JavaThread "Finalizer" daemon [_thread_blocked, id=11332, stack(0x0000000016070000,0x0000000016170000)]
  0x00000000027f5000 JavaThread "Reference Handler" daemon [_thread_blocked, id=9288, stack(0x0000000015f70000,0x0000000016070000)]

Other Threads:
  0x0000000014dd7000 VMThread [stack: 0x0000000015e70000,0x0000000015f70000] [id=14056]
  0x000000001687a800 WatcherThread [stack: 0x0000000016d80000,0x0000000016e80000] [id=1380]

VM state:not at safepoint (normal execution)

VM Mutex/Monitor currently owned by a thread: None

Heap:
 PSYoungGen      total 104448K, used 13082K [0x00000000eb180000, 0x00000000f2180000, 0x0000000100000000)
  eden space 97280K, 13% used [0x00000000eb180000,0x00000000ebe46ba8,0x00000000f1080000)
  from space 7168K, 0% used [0x00000000f1a80000,0x00000000f1a80000,0x00000000f2180000)
  to   space 8704K, 0% used [0x00000000f1080000,0x00000000f1080000,0x00000000f1900000)
 ParOldGen       total 35840K, used 12372K [0x00000000c1400000, 0x00000000c3700000, 0x00000000eb180000)
  object space 35840K, 34% used [0x00000000c1400000,0x00000000c20152d0,0x00000000c3700000)
 Metaspace       used 36064K, capacity 36534K, committed 37080K, reserved 1081344K
  class space    used 4577K, capacity 4697K, committed 4736K, reserved 1048576K

Card table byte_map: [0x0000000011bc0000,0x0000000011dc0000] byte_map_base: 0x00000000115b6000

Marking Bits: (ParMarkBitMap*) 0x0000000058bed850
 Begin Bits: [0x0000000012310000, 0x00000000132c0000)
 End Bits:   [0x00000000132c0000, 0x0000000014270000)

Polling page: 0x0000000000520000

CodeCache: size=245760Kb used=9005Kb max_used=9026Kb free=236754Kb
 bounds [0x0000000002800000, 0x00000000030e0000, 0x0000000011800000]
 total_blobs=3449 nmethods=2897 adapters=464
 compilation: enabled

Compilation events (10 events):
Event: 87.264 Thread 0x00000000166f1800 2959   !   4       com.mysql.cj.ParseInfo::<init> (1136 bytes)
Event: 87.264 Thread 0x00000000166f4800 nmethod 2957 0x00000000030a8ad0 code [0x00000000030a8c60, 0x00000000030a9068]
Event: 87.264 Thread 0x00000000166f4800 2958       3       java.security.MessageDigest$Delegate::engineDigest (11 bytes)
Event: 87.264 Thread 0x00000000166f4800 nmethod 2958 0x00000000030a8650 code [0x00000000030a87c0, 0x00000000030a89e8]
Event: 87.298 Thread 0x00000000166f4800 2960       3       javax.crypto.Cipher::getBlockSize (12 bytes)
Event: 87.298 Thread 0x00000000166f4800 nmethod 2960 0x00000000030a8110 code [0x00000000030a8280, 0x00000000030a8558]
Event: 87.298 Thread 0x00000000166f4800 2961       3       com.sun.crypto.provider.HmacCore::engineUpdate (35 bytes)
Event: 87.298 Thread 0x00000000166f4800 nmethod 2961 0x00000000030b39d0 code [0x00000000030b3b60, 0x00000000030b3f98]
Event: 87.299 Thread 0x00000000166f4800 2963   !   3       com.mysql.cj.Messages::getString (95 bytes)
Event: 87.301 Thread 0x00000000166f4800 nmethod 2963 0x00000000030b4950 code [0x00000000030b4c80, 0x00000000030b6778]

GC Heap History (10 events):
Event: 47.596 GC heap before
{Heap before GC invocations=8 (full 1):
 PSYoungGen      total 37376K, used 4587K [0x00000000eb180000, 0x00000000efd80000, 0x0000000100000000)
  eden space 32768K, 0% used [0x00000000eb180000,0x00000000eb180000,0x00000000ed180000)
  from space 4608K, 99% used [0x00000000ed180000,0x00000000ed5fad38,0x00000000ed600000)
  to   space 6144K, 0% used [0x00000000ef780000,0x00000000ef780000,0x00000000efd80000)
 ParOldGen       total 44032K, used 4847K [0x00000000c1400000, 0x00000000c3f00000, 0x00000000eb180000)
  object space 44032K, 11% used [0x00000000c1400000,0x00000000c18bbfd8,0x00000000c3f00000)
 Metaspace       used 20735K, capacity 21062K, committed 21248K, reserved 1067008K
  class space    used 2630K, capacity 2721K, committed 2816K, reserved 1048576K
Event: 47.759 GC heap after
Heap after GC invocations=8 (full 1):
 PSYoungGen      total 37376K, used 0K [0x00000000eb180000, 0x00000000efd80000, 0x0000000100000000)
  eden space 32768K, 0% used [0x00000000eb180000,0x00000000eb180000,0x00000000ed180000)
  from space 4608K, 0% used [0x00000000ed180000,0x00000000ed180000,0x00000000ed600000)
  to   space 6144K, 0% used [0x00000000ef780000,0x00000000ef780000,0x00000000efd80000)
 ParOldGen       total 26112K, used 6594K [0x00000000c1400000, 0x00000000c2d80000, 0x00000000eb180000)
  object space 26112K, 25% used [0x00000000c1400000,0x00000000c1a70b50,0x00000000c2d80000)
 Metaspace       used 20735K, capacity 21062K, committed 21248K, reserved 1067008K
  class space    used 2630K, capacity 2721K, committed 2816K, reserved 1048576K
}
Event: 66.539 GC heap before
{Heap before GC invocations=9 (full 1):
 PSYoungGen      total 37376K, used 32768K [0x00000000eb180000, 0x00000000efd80000, 0x0000000100000000)
  eden space 32768K, 100% used [0x00000000eb180000,0x00000000ed180000,0x00000000ed180000)
  from space 4608K, 0% used [0x00000000ed180000,0x00000000ed180000,0x00000000ed600000)
  to   space 6144K, 0% used [0x00000000ef780000,0x00000000ef780000,0x00000000efd80000)
 ParOldGen       total 26112K, used 6594K [0x00000000c1400000, 0x00000000c2d80000, 0x00000000eb180000)
  object space 26112K, 25% used [0x00000000c1400000,0x00000000c1a70b50,0x00000000c2d80000)
 Metaspace       used 25821K, capacity 26238K, committed 26496K, reserved 1073152K
  class space    used 3238K, capacity 3351K, committed 3456K, reserved 1048576K
Event: 66.556 GC heap after
Heap after GC invocations=9 (full 1):
 PSYoungGen      total 69632K, used 6127K [0x00000000eb180000, 0x00000000efd80000, 0x0000000100000000)
  eden space 63488K, 0% used [0x00000000eb180000,0x00000000eb180000,0x00000000eef80000)
  from space 6144K, 99% used [0x00000000ef780000,0x00000000efd7bda8,0x00000000efd80000)
  to   space 7168K, 0% used [0x00000000eef80000,0x00000000eef80000,0x00000000ef680000)
 ParOldGen       total 26112K, used 6779K [0x00000000c1400000, 0x00000000c2d80000, 0x00000000eb180000)
  object space 26112K, 25% used [0x00000000c1400000,0x00000000c1a9efc8,0x00000000c2d80000)
 Metaspace       used 25821K, capacity 26238K, committed 26496K, reserved 1073152K
  class space    used 3238K, capacity 3351K, committed 3456K, reserved 1048576K
}
Event: 75.474 GC heap before
{Heap before GC invocations=10 (full 1):
 PSYoungGen      total 69632K, used 69615K [0x00000000eb180000, 0x00000000efd80000, 0x0000000100000000)
  eden space 63488K, 100% used [0x00000000eb180000,0x00000000eef80000,0x00000000eef80000)
  from space 6144K, 99% used [0x00000000ef780000,0x00000000efd7bda8,0x00000000efd80000)
  to   space 7168K, 0% used [0x00000000eef80000,0x00000000eef80000,0x00000000ef680000)
 ParOldGen       total 26112K, used 6779K [0x00000000c1400000, 0x00000000c2d80000, 0x00000000eb180000)
  object space 26112K, 25% used [0x00000000c1400000,0x00000000c1a9efc8,0x00000000c2d80000)
 Metaspace       used 32519K, capacity 32924K, committed 33280K, reserved 1079296K
  class space    used 4144K, capacity 4266K, committed 4352K, reserved 1048576K
Event: 75.505 GC heap after
Heap after GC invocations=10 (full 1):
 PSYoungGen      total 70656K, used 7140K [0x00000000eb180000, 0x00000000f2380000, 0x0000000100000000)
  eden space 63488K, 0% used [0x00000000eb180000,0x00000000eb180000,0x00000000eef80000)
  from space 7168K, 99% used [0x00000000eef80000,0x00000000ef679298,0x00000000ef680000)
  to   space 9216K, 0% used [0x00000000f1a80000,0x00000000f1a80000,0x00000000f2380000)
 ParOldGen       total 26112K, used 10278K [0x00000000c1400000, 0x00000000c2d80000, 0x00000000eb180000)
  object space 26112K, 39% used [0x00000000c1400000,0x00000000c1e09bf8,0x00000000c2d80000)
 Metaspace       used 32519K, capacity 32924K, committed 33280K, reserved 1079296K
  class space    used 4144K, capacity 4266K, committed 4352K, reserved 1048576K
}
Event: 86.163 GC heap before
{Heap before GC invocations=11 (full 1):
 PSYoungGen      total 70656K, used 28897K [0x00000000eb180000, 0x00000000f2380000, 0x0000000100000000)
  eden space 63488K, 34% used [0x00000000eb180000,0x00000000ec6bf4c8,0x00000000eef80000)
  from space 7168K, 99% used [0x00000000eef80000,0x00000000ef679298,0x00000000ef680000)
  to   space 9216K, 0% used [0x00000000f1a80000,0x00000000f1a80000,0x00000000f2380000)
 ParOldGen       total 26112K, used 10278K [0x00000000c1400000, 0x00000000c2d80000, 0x00000000eb180000)
  object space 26112K, 39% used [0x00000000c1400000,0x00000000c1e09bf8,0x00000000c2d80000)
 Metaspace       used 34586K, capacity 35020K, committed 35416K, reserved 1081344K
  class space    used 4404K, capacity 4534K, committed 4608K, reserved 1048576K
Event: 86.178 GC heap after
Heap after GC invocations=11 (full 1):
 PSYoungGen      total 104448K, used 4669K [0x00000000eb180000, 0x00000000f2180000, 0x0000000100000000)
  eden space 97280K, 0% used [0x00000000eb180000,0x00000000eb180000,0x00000000f1080000)
  from space 7168K, 65% used [0x00000000f1a80000,0x00000000f1f0f780,0x00000000f2180000)
  to   space 8704K, 0% used [0x00000000f1080000,0x00000000f1080000,0x00000000f1900000)
 ParOldGen       total 26112K, used 13619K [0x00000000c1400000, 0x00000000c2d80000, 0x00000000eb180000)
  object space 26112K, 52% used [0x00000000c1400000,0x00000000c214cf90,0x00000000c2d80000)
 Metaspace       used 34586K, capacity 35020K, committed 35416K, reserved 1081344K
  class space    used 4404K, capacity 4534K, committed 4608K, reserved 1048576K
}
Event: 86.178 GC heap before
{Heap before GC invocations=12 (full 2):
 PSYoungGen      total 104448K, used 4669K [0x00000000eb180000, 0x00000000f2180000, 0x0000000100000000)
  eden space 97280K, 0% used [0x00000000eb180000,0x00000000eb180000,0x00000000f1080000)
  from space 7168K, 65% used [0x00000000f1a80000,0x00000000f1f0f780,0x00000000f2180000)
  to   space 8704K, 0% used [0x00000000f1080000,0x00000000f1080000,0x00000000f1900000)
 ParOldGen       total 26112K, used 13619K [0x00000000c1400000, 0x00000000c2d80000, 0x00000000eb180000)
  object space 26112K, 52% used [0x00000000c1400000,0x00000000c214cf90,0x00000000c2d80000)
 Metaspace       used 34586K, capacity 35020K, committed 35416K, reserved 1081344K
  class space    used 4404K, capacity 4534K, committed 4608K, reserved 1048576K
Event: 86.245 GC heap after
Heap after GC invocations=12 (full 2):
 PSYoungGen      total 104448K, used 0K [0x00000000eb180000, 0x00000000f2180000, 0x0000000100000000)
  eden space 97280K, 0% used [0x00000000eb180000,0x00000000eb180000,0x00000000f1080000)
  from space 7168K, 0% used [0x00000000f1a80000,0x00000000f1a80000,0x00000000f2180000)
  to   space 8704K, 0% used [0x00000000f1080000,0x00000000f1080000,0x00000000f1900000)
 ParOldGen       total 35840K, used 12372K [0x00000000c1400000, 0x00000000c3700000, 0x00000000eb180000)
  object space 35840K, 34% used [0x00000000c1400000,0x00000000c20152d0,0x00000000c3700000)
 Metaspace       used 34586K, capacity 35020K, committed 35416K, reserved 1081344K
  class space    used 4404K, capacity 4534K, committed 4608K, reserved 1048576K
}

Deoptimization events (10 events):
Event: 86.473 Thread 0x00000000173a2800 Uncommon trap: reason=bimorphic action=maybe_recompile pc=0x0000000002f408e8 method=java.util.Hashtable.get(Ljava/lang/Object;)Ljava/lang/Object; @ 6
Event: 86.475 Thread 0x00000000173a2800 Uncommon trap: reason=unstable_if action=reinterpret pc=0x000000000290f540 method=java.lang.CharacterData.of(I)Ljava/lang/CharacterData; @ 4
Event: 86.505 Thread 0x00000000173a2800 Uncommon trap: reason=bimorphic action=maybe_recompile pc=0x0000000002944858 method=java.util.regex.Pattern$Curly.match(Ljava/util/regex/Matcher;ILjava/lang/CharSequence;)Z @ 19
Event: 86.505 Thread 0x00000000173a2800 Uncommon trap: reason=unstable_if action=reinterpret pc=0x0000000002902468 method=java.util.regex.Pattern$BmpCharProperty.match(Ljava/util/regex/Matcher;ILjava/lang/CharSequence;)Z @ 34
Event: 86.506 Thread 0x00000000173a2800 Uncommon trap: reason=bimorphic action=maybe_recompile pc=0x0000000002944858 method=java.util.regex.Pattern$Curly.match(Ljava/util/regex/Matcher;ILjava/lang/CharSequence;)Z @ 19
Event: 86.506 Thread 0x00000000173a2800 Uncommon trap: reason=bimorphic action=maybe_recompile pc=0x0000000002944858 method=java.util.regex.Pattern$Curly.match(Ljava/util/regex/Matcher;ILjava/lang/CharSequence;)Z @ 19
Event: 86.506 Thread 0x00000000173a2800 Uncommon trap: reason=bimorphic action=maybe_recompile pc=0x0000000002944858 method=java.util.regex.Pattern$Curly.match(Ljava/util/regex/Matcher;ILjava/lang/CharSequence;)Z @ 19
Event: 86.814 Thread 0x00000000173a2800 Uncommon trap: reason=unstable_if action=reinterpret pc=0x0000000002b6e338 method=java.lang.String.indexOf([CII[CIII)I @ 27
Event: 86.814 Thread 0x00000000173a2800 Uncommon trap: reason=unstable_if action=reinterpret pc=0x000000000309a300 method=java.lang.String.indexOf([CII[CIII)I @ 27
Event: 87.245 Thread 0x00000000173a2800 Uncommon trap: reason=unstable_if action=reinterpret pc=0x0000000002f3e30c method=java.util.HashMap$HashIterator.<init>(Ljava/util/HashMap;)V @ 45

Internal exceptions (10 events):
Event: 18.474 Thread 0x00000000173a2800 Implicit null exception at 0x0000000002a80596 to 0x0000000002a80931
Event: 18.475 Thread 0x00000000173a2800 Implicit null exception at 0x0000000002a0e1d6 to 0x0000000002a0e569
Event: 67.437 Thread 0x00000000173a2800 Exception <a 'java/lang/ArrayIndexOutOfBoundsException'> (0x00000000eb9ce4b8) thrown at [C:\re\workspace\8-2-build-windows-amd64-cygwin\jdk8u144\9417\hotspot\src\share\vm\runtime\sharedRuntime.cpp, line 605]
Event: 67.928 Thread 0x00000000173a2800 Exception <a 'java/lang/ArrayIndexOutOfBoundsException': 64> (0x00000000ebfb51f8) thrown at [C:\re\workspace\8-2-build-windows-amd64-cygwin\jdk8u144\9417\hotspot\src\share\vm\interpreter\interpreterRuntime.cpp, line 366]
Event: 67.940 Thread 0x00000000173a2800 Exception <a 'java/lang/ArrayIndexOutOfBoundsException': 67> (0x00000000ebfb81b8) thrown at [C:\re\workspace\8-2-build-windows-amd64-cygwin\jdk8u144\9417\hotspot\src\share\vm\interpreter\interpreterRuntime.cpp, line 366]
Event: 67.942 Thread 0x00000000173a2800 Exception <a 'java/lang/ArrayIndexOutOfBoundsException': 53> (0x00000000ebfbbf58) thrown at [C:\re\workspace\8-2-build-windows-amd64-cygwin\jdk8u144\9417\hotspot\src\share\vm\interpreter\interpreterRuntime.cpp, line 366]
Event: 67.942 Thread 0x00000000173a2800 Exception <a 'java/lang/ArrayIndexOutOfBoundsException': 61> (0x00000000ebfbcfa0) thrown at [C:\re\workspace\8-2-build-windows-amd64-cygwin\jdk8u144\9417\hotspot\src\share\vm\interpreter\interpreterRuntime.cpp, line 366]
Event: 67.947 Thread 0x00000000173a2800 Exception <a 'java/lang/ArrayIndexOutOfBoundsException': 64> (0x00000000ebfdf538) thrown at [C:\re\workspace\8-2-build-windows-amd64-cygwin\jdk8u144\9417\hotspot\src\share\vm\interpreter\interpreterRuntime.cpp, line 366]
Event: 67.947 Thread 0x00000000173a2800 Exception <a 'java/lang/ArrayIndexOutOfBoundsException': 53> (0x00000000ebfe06b8) thrown at [C:\re\workspace\8-2-build-windows-amd64-cygwin\jdk8u144\9417\hotspot\src\share\vm\interpreter\interpreterRuntime.cpp, line 366]
Event: 67.948 Thread 0x00000000173a2800 Exception <a 'java/lang/ArrayIndexOutOfBoundsException': 61> (0x00000000ebfe15a0) thrown at [C:\re\workspace\8-2-build-windows-amd64-cygwin\jdk8u144\9417\hotspot\src\share\vm\interpreter\interpreterRuntime.cpp, line 366]

Events (10 events):
Event: 87.333 loading class org/eclipse/jetty/util/Atomics
Event: 87.333 loading class org/eclipse/jetty/util/Atomics done
Event: 87.334 loading class javax/servlet/http/HttpSessionEvent
Event: 87.334 loading class javax/servlet/http/HttpSessionEvent done
Event: 87.335 loading class java/util/EventObject
Event: 87.352 loading class java/util/EventObject done
Event: 87.352 loading class org/eclipse/jetty/http/HttpCookie
Event: 87.352 loading class org/eclipse/jetty/http/HttpCookie done
Event: 87.354 loading class javax/servlet/http/HttpSessionBindingListener
Event: 87.354 loading class javax/servlet/http/HttpSessionBindingListener done


Dynamic libraries:
0x00007ff67f090000 - 0x00007ff67f0c7000 	C:\Program Files\Java\jdk1.8.0_144\bin\java.exe
0x00007ffae2f00000 - 0x00007ffae30e1000 	C:\WINDOWS\SYSTEM32\ntdll.dll
0x00007ffae2690000 - 0x00007ffae2742000 	C:\WINDOWS\System32\KERNEL32.DLL
0x00007ffadf6e0000 - 0x00007ffadf953000 	C:\WINDOWS\System32\KERNELBASE.dll
0x00007ffae2e20000 - 0x00007ffae2ec1000 	C:\WINDOWS\System32\ADVAPI32.dll
0x00007ffae10e0000 - 0x00007ffae117e000 	C:\WINDOWS\System32\msvcrt.dll
0x00007ffae2b00000 - 0x00007ffae2b5b000 	C:\WINDOWS\System32\sechost.dll
0x00007ffae2750000 - 0x00007ffae2874000 	C:\WINDOWS\System32\RPCRT4.dll
0x00007ffae2880000 - 0x00007ffae2a10000 	C:\WINDOWS\System32\USER32.dll
0x00007ffadf960000 - 0x00007ffadf980000 	C:\WINDOWS\System32\win32u.dll
0x00007ffae1180000 - 0x00007ffae11a8000 	C:\WINDOWS\System32\GDI32.dll
0x00007ffadf2d0000 - 0x00007ffadf462000 	C:\WINDOWS\System32\gdi32full.dll
0x00007ffadf5f0000 - 0x00007ffadf68f000 	C:\WINDOWS\System32\msvcp_win.dll
0x00007ffadf470000 - 0x00007ffadf56a000 	C:\WINDOWS\System32\ucrtbase.dll
0x00007ffacd5d0000 - 0x00007ffacd839000 	C:\WINDOWS\WinSxS\amd64_microsoft.windows.common-controls_6595b64144ccf1df_6.0.17134.407_none_fb449d63306391e9\COMCTL32.dll
0x00007ffae0bc0000 - 0x00007ffae0ee2000 	C:\WINDOWS\System32\combase.dll
0x00007ffadf570000 - 0x00007ffadf5ea000 	C:\WINDOWS\System32\bcryptPrimitives.dll
0x00007ffae1220000 - 0x00007ffae124d000 	C:\WINDOWS\System32\IMM32.DLL
0x000000005a6c0000 - 0x000000005a792000 	C:\Program Files\Java\jdk1.8.0_144\jre\bin\msvcr100.dll
0x00000000583d0000 - 0x0000000058c6d000 	C:\Program Files\Java\jdk1.8.0_144\jre\bin\server\jvm.dll
0x00007ffae11b0000 - 0x00007ffae11b8000 	C:\WINDOWS\System32\PSAPI.DLL
0x00007ffadd080000 - 0x00007ffadd0a3000 	C:\WINDOWS\SYSTEM32\WINMM.dll
0x00007ffad0390000 - 0x00007ffad039a000 	C:\WINDOWS\SYSTEM32\VERSION.dll
0x00007ffadd050000 - 0x00007ffadd07a000 	C:\WINDOWS\SYSTEM32\WINMMBASE.dll
0x00007ffadf690000 - 0x00007ffadf6d9000 	C:\WINDOWS\System32\cfgmgr32.dll
0x00007ffacd560000 - 0x00007ffacd569000 	C:\WINDOWS\SYSTEM32\WSOCK32.dll
0x00007ffae1070000 - 0x00007ffae10dc000 	C:\WINDOWS\System32\ws2_32.DLL
0x000000005a680000 - 0x000000005a68f000 	C:\Program Files\Java\jdk1.8.0_144\jre\bin\verify.dll
0x000000005a650000 - 0x000000005a679000 	C:\Program Files\Java\jdk1.8.0_144\jre\bin\java.dll
0x000000005a520000 - 0x000000005a543000 	C:\Program Files\Java\jdk1.8.0_144\jre\bin\instrument.dll
0x000000005a630000 - 0x000000005a646000 	C:\Program Files\Java\jdk1.8.0_144\jre\bin\zip.dll
0x00007ffae1250000 - 0x00007ffae268f000 	C:\WINDOWS\System32\SHELL32.dll
0x00007ffae09c0000 - 0x00007ffae0a69000 	C:\WINDOWS\System32\shcore.dll
0x00007ffadfa30000 - 0x00007ffae013d000 	C:\WINDOWS\System32\windows.storage.dll
0x00007ffae04f0000 - 0x00007ffae0541000 	C:\WINDOWS\System32\shlwapi.dll
0x00007ffadf220000 - 0x00007ffadf231000 	C:\WINDOWS\System32\kernel.appcore.dll
0x00007ffadf2b0000 - 0x00007ffadf2cf000 	C:\WINDOWS\System32\profapi.dll
0x00007ffadf260000 - 0x00007ffadf2ac000 	C:\WINDOWS\System32\powrprof.dll
0x00007ffadf210000 - 0x00007ffadf21a000 	C:\WINDOWS\System32\FLTLIB.DLL
0x00007ffaceaf0000 - 0x00007ffaceb0a000 	C:\Program Files\JetBrains\IntelliJ IDEA Community Edition 2018.1.3\bin\breakgen64.dll
0x000000005a500000 - 0x000000005a51a000 	C:\Program Files\Java\jdk1.8.0_144\jre\bin\net.dll
0x00007ffadea30000 - 0x00007ffadea96000 	C:\WINDOWS\system32\mswsock.dll
0x000000005a4d0000 - 0x000000005a4dd000 	C:\Program Files\Java\jdk1.8.0_144\jre\bin\management.dll
0x000000005a4e0000 - 0x000000005a4f1000 	C:\Program Files\Java\jdk1.8.0_144\jre\bin\nio.dll
0x00007ffadebe0000 - 0x00007ffadebf7000 	C:\WINDOWS\SYSTEM32\CRYPTSP.dll
0x00007ffade610000 - 0x00007ffade643000 	C:\WINDOWS\system32\rsaenh.dll
0x00007ffaded10000 - 0x00007ffaded35000 	C:\WINDOWS\SYSTEM32\bcrypt.dll
0x00007ffadf140000 - 0x00007ffadf168000 	C:\WINDOWS\SYSTEM32\USERENV.dll
0x00007ffadec00000 - 0x00007ffadec0b000 	C:\WINDOWS\SYSTEM32\CRYPTBASE.dll
0x00007ffade7b0000 - 0x00007ffade7e8000 	C:\WINDOWS\SYSTEM32\IPHLPAPI.DLL
0x00007ffae2a20000 - 0x00007ffae2a28000 	C:\WINDOWS\System32\NSI.dll
0x00007ffad6920000 - 0x00007ffad6936000 	C:\WINDOWS\SYSTEM32\dhcpcsvc6.DLL
0x00007ffad6900000 - 0x00007ffad691a000 	C:\WINDOWS\SYSTEM32\dhcpcsvc.DLL
0x00007ffade7f0000 - 0x00007ffade8ae000 	C:\WINDOWS\SYSTEM32\DNSAPI.dll
0x00007ffad4d20000 - 0x00007ffad4d2a000 	C:\Windows\System32\rasadhlp.dll
0x00007ffad5460000 - 0x00007ffad54d2000 	C:\WINDOWS\System32\fwpuclnt.dll
0x000000005a4a0000 - 0x000000005a4c4000 	C:\Program Files\Java\jdk1.8.0_144\jre\bin\sunec.dll
0x000000005a490000 - 0x000000005a49b000 	C:\Program Files\Java\jdk1.8.0_144\jre\bin\sunmscapi.dll
0x00007ffae01a0000 - 0x00007ffae0382000 	C:\WINDOWS\System32\CRYPT32.dll
0x00007ffadf240000 - 0x00007ffadf252000 	C:\WINDOWS\System32\MSASN1.dll

VM Arguments:
jvm_args: -javaagent:C:\Program Files\JetBrains\IntelliJ IDEA Community Edition 2018.1.3\lib\idea_rt.jar=49913:C:\Program Files\JetBrains\IntelliJ IDEA Community Edition 2018.1.3\bin -Dfile.encoding=UTF-8 
java_command: server.Server
java_class_path (initial): C:\Program Files\Java\jdk1.8.0_144\jre\lib\charsets.jar;C:\Program Files\Java\jdk1.8.0_144\jre\lib\deploy.jar;C:\Program Files\Java\jdk1.8.0_144\jre\lib\ext\access-bridge-64.jar;C:\Program Files\Java\jdk1.8.0_144\jre\lib\ext\cldrdata.jar;C:\Program Files\Java\jdk1.8.0_144\jre\lib\ext\dnsns.jar;C:\Program Files\Java\jdk1.8.0_144\jre\lib\ext\jaccess.jar;C:\Program Files\Java\jdk1.8.0_144\jre\lib\ext\jfxrt.jar;C:\Program Files\Java\jdk1.8.0_144\jre\lib\ext\localedata.jar;C:\Program Files\Java\jdk1.8.0_144\jre\lib\ext\nashorn.jar;C:\Program Files\Java\jdk1.8.0_144\jre\lib\ext\sunec.jar;C:\Program Files\Java\jdk1.8.0_144\jre\lib\ext\sunjce_provider.jar;C:\Program Files\Java\jdk1.8.0_144\jre\lib\ext\sunmscapi.jar;C:\Program Files\Java\jdk1.8.0_144\jre\lib\ext\sunpkcs11.jar;C:\Program Files\Java\jdk1.8.0_144\jre\lib\ext\zipfs.jar;C:\Program Files\Java\jdk1.8.0_144\jre\lib\javaws.jar;C:\Program Files\Java\jdk1.8.0_144\jre\lib\jce.jar;C:\Program Files\Java\jdk1.8.0_144\jre\lib\jfr.jar;C:\Program Files\Java\jdk1.8.0_144\jre\lib\jfxswt.jar;C:\Program Files\Java\jdk1.8.0_144\jre\lib\jsse.jar;C:\Program Files\Java\jdk1.8.0_144\jre\lib\management-agent.jar;C:\Program Files\Java\jdk1.8.0_144\jre\lib\plugin.jar;C:\Program Files\Java\jdk1.8.0_144\jre\lib\resources.jar;C:\Program Files\Java\jdk1.8.0_144\jre\lib\rt.jar;C:\Users\german\IdeaProjects\TPDISEÑO\target\classes;C:\Users\german\.m2\repository\org\hsqldb\hsqldb\2.2.8\hsqldb-2.2.8.jar;C:\Users\german\.m2\repository\org\hibernate\hibernate-entitymanager\5.2.13.Final\hibernate-entitymanager-5.2.13.Final.jar;C:\Users\german\.m2\repository\org\jboss\logging\jboss-logging\3.3.1.Final\jboss-logging-3.3.1.Final.jar;C:\Users\german\.m2\repository\dom4j\dom4j\1.6.1\dom4j-1.6.1.jar;C:\Users\german\.m2\repository\org\hibernate\common\hibernate-commons-annotations\5.0.1.Final\hibernate-commons-annotations-5.0.1.Final.jar;C:\Users\german\.m2\repository\org\hibernate\javax\persistence\hibernate-jpa-2.1-api\1.0.0.
Launcher Type: SUN_STANDARD

Environment Variables:
JAVA_HOME=C:\Program Files\Java\jdk1.8.0_144
PATH=C:\Program Files (x86)\Common Files\Oracle\Java\javapath;C:\ProgramData\Oracle\Java\javapath;C:\Program Files\Haskell\bin;C:\Program Files\Haskell Platform\8.0.2\lib\extralibs\bin;C:\Program Files\Haskell Platform\8.0.2\bin;C:\WINDOWS\system32;C:\WINDOWS;C:\WINDOWS\System32\Wbem;C:\WINDOWS\System32\WindowsPowerShell\v1.0\;C:\Program Files (x86)\Common Files\lenovo\easyplussdk\bin;C:\Program Files\Intel\WiFi\bin\;C:\Program Files\Common Files\Intel\WirelessCommon\;C:\Program Files\Haskell Platform\8.0.2\mingw\bin;C:\Program Files\MinGW\bin;C:\Program Files\MinGW\msys\1.0\bin;C:\Program Files\Java\jre1.8.0_144\bin;C:\apache-maven-3.5.3\bin;C:\Program Files\Git\cmd;C:\WINDOWS\System32\OpenSSH\;c:\Program Files (x86)\Microsoft SQL Server\110\Tools\Binn\;c:\Program Files\Microsoft SQL Server\110\Tools\Binn\;c:\Program Files\Microsoft SQL Server\110\DTS\Binn\;c:\Program Files (x86)\Microsoft SQL Server\110\Tools\Binn\ManagementStudio\;c:\Program Files (x86)\Microsoft Visual Studio 10.0\Common7\IDE\PrivateAssemblies\;c:\Program Files (x86)\Microsoft SQL Server\110\DTS\Binn\;C:\Ruby25-x64\bin;C:\Users\german\AppData\Roaming\cabal\bin;C:\Users\german\AppData\Roaming\local\bin;C:\Users\german\AppData\Local\Microsoft\WindowsApps;C:\Flex Windows\gcc\bin;C:\Flex Windows\Lex\bin;C:\Flex Windows\bison\bin;C:\Program Files\heroku\bin
USERNAME=german
OS=Windows_NT
PROCESSOR_IDENTIFIER=Intel64 Family 6 Model 61 Stepping 4, GenuineIntel



---------------  S Y S T E M  ---------------

OS: Windows 10.0 , 64 bit Build 17134 (10.0.17134.1)

CPU:total 4 (initial active 4) (2 cores per cpu, 2 threads per core) family 6 model 61 stepping 4, cmov, cx8, fxsr, mmx, sse, sse2, sse3, ssse3, sse4.1, sse4.2, popcnt, avx, avx2, aes, clmul, erms, 3dnowpref, lzcnt, ht, tsc, tscinvbit, bmi1, bmi2, adx

Memory: 4k page, physical 4107344k(287844k free), swap 16690256k(5156k free)

vm_info: Java HotSpot(TM) 64-Bit Server VM (25.144-b01) for windows-amd64 JRE (1.8.0_144-b01), built on Jul 21 2017 21:57:33 by "java_re" with MS VC++ 10.0 (VS2010)

time: Thu Dec 06 22:19:16 2018
elapsed time: 87 seconds (0d 0h 1m 27s)

